%!Adobe-FontList 1.22
%Locale:0x412

%BeginFont
Handler:DirectoryHandler
FontType:CID
FontName:NotoSansKR-Black
FamilyName:Noto Sans KR
StyleName:Black
FullName:Noto Sans KR Black
MenuName:Noto Sans KR Black
StyleBits:0
FamilyNameNative:Noto Sans KR
StyleNameNative:Black
FullNameNative:Noto Sans KR Black
WritingScript:Korean
OutlineFileName:C:\Users\USER\Desktop\2022NIPA_디지털_아카이브\Font\NotoSansKR-Black.otf
DataFormat:sfntData
isCFF:yes
hasSVG:no
VariableFontType:NonVariableFont
FileLength:5068164
FileModTime:1517756400
WeightClass:900
WidthClass:5
AngleClass:0
NameArray:0,Win,1,Noto Sans KR Black
NameArray:0,Win,16,Noto Sans KR
%EndFont

%BeginFont
Handler:DirectoryHandler
FontType:CID
FontName:NotoSansKR-Bold
FamilyName:Noto Sans KR
StyleName:Bold
FullName:Noto Sans KR Bold
MenuName:Noto Sans KR
StyleBits:2
FamilyNameNative:Noto Sans KR
StyleNameNative:Bold
FullNameNative:Noto Sans KR Bold
WritingScript:Korean
OutlineFileName:C:\Users\USER\Desktop\2022NIPA_디지털_아카이브\Font\NotoSansKR-Bold.otf
DataFormat:sfntData
isCFF:yes
hasSVG:no
VariableFontType:NonVariableFont
FileLength:4909668
FileModTime:1517756400
WeightClass:700
WidthClass:5
AngleClass:0
NameArray:0,Win,1,Noto Sans KR
%EndFont

%BeginFont
Handler:DirectoryHandler
FontType:CID
FontName:NotoSansKR-Light
FamilyName:Noto Sans KR
StyleName:Light
FullName:Noto Sans KR Light
MenuName:Noto Sans KR Light
StyleBits:0
FamilyNameNative:Noto Sans KR
StyleNameNative:Light
FullNameNative:Noto Sans KR Light
WritingScript:Korean
OutlineFileName:C:\Users\USER\Desktop\2022NIPA_디지털_아카이브\Font\NotoSansKR-Light.otf
DataFormat:sfntData
isCFF:yes
hasSVG:no
VariableFontType:NonVariableFont
FileLength:4713928
FileModTime:1517756400
WeightClass:300
WidthClass:5
AngleClass:0
NameArray:0,Win,1,Noto Sans KR Light
NameArray:0,Win,16,Noto Sans KR
%EndFont

%BeginFont
Handler:DirectoryHandler
FontType:CID
FontName:NotoSansKR-Medium
FamilyName:Noto Sans KR
StyleName:Medium
FullName:Noto Sans KR Medium
MenuName:Noto Sans KR Medium
StyleBits:0
FamilyNameNative:Noto Sans KR
StyleNameNative:Medium
FullNameNative:Noto Sans KR Medium
WritingScript:Korean
OutlineFileName:C:\Users\USER\Desktop\2022NIPA_디지털_아카이브\Font\NotoSansKR-Medium.otf
DataFormat:sfntData
isCFF:yes
hasSVG:no
VariableFontType:NonVariableFont
FileLength:4768768
FileModTime:1517756400
WeightClass:500
WidthClass:5
AngleClass:0
NameArray:0,Win,1,Noto Sans KR Medium
NameArray:0,Win,16,Noto Sans KR
%EndFont

%BeginFont
Handler:DirectoryHandler
FontType:CID
FontName:NotoSansKR-Regular
FamilyName:Noto Sans KR
StyleName:Regular
FullName:Noto Sans KR
MenuName:Noto Sans KR
StyleBits:0
FamilyNameNative:Noto Sans KR
StyleNameNative:Regular
FullNameNative:Noto Sans KR Regular
WritingScript:Korean
OutlineFileName:C:\Users\USER\Desktop\2022NIPA_디지털_아카이브\Font\NotoSansKR-Regular.otf
DataFormat:sfntData
isCFF:yes
hasSVG:no
VariableFontType:NonVariableFont
FileLength:4744692
FileModTime:1517756400
WeightClass:400
WidthClass:5
AngleClass:0
NameArray:0,Win,1,Noto Sans KR
%EndFont

%BeginFont
Handler:DirectoryHandler
FontType:CID
FontName:NotoSansKR-Thin
FamilyName:Noto Sans KR
StyleName:Thin
FullName:Noto Sans KR Thin
MenuName:Noto Sans KR Thin
StyleBits:0
FamilyNameNative:Noto Sans KR
StyleNameNative:Thin
FullNameNative:Noto Sans KR Thin
WritingScript:Korean
OutlineFileName:C:\Users\USER\Desktop\2022NIPA_디지털_아카이브\Font\NotoSansKR-Thin.otf
DataFormat:sfntData
isCFF:yes
hasSVG:no
VariableFontType:NonVariableFont
FileLength:4383676
FileModTime:1517756400
WeightClass:250
WidthClass:5
AngleClass:0
NameArray:0,Win,1,Noto Sans KR Thin
NameArray:0,Win,16,Noto Sans KR
%EndFont

%BeginFont
Handler:DirectoryHandler
FontType:TrueType
FontName:MalgunGothic
FamilyName:Malgun Gothic
StyleName:Regular
FullName:Malgun Gothic
MenuName:맑은 고딕
StyleBits:0
FamilyNameNative:맑은 고딕
StyleNameNative:Regular
FullNameNative:맑은 고딕
WritingScript:Korean
OutlineFileName:C:\Users\USER\Desktop\2022NIPA_디지털_아카이브\Font\malgun.ttf
DataFormat:sfntData
hasSVG:no
VariableFontType:NonVariableFont
FileLength:13457164
FileModTime:1575709707
WeightClass:400
WidthClass:5
AngleClass:0
NameArray:0,Mac,4,Malgun Gothic
NameArray:0,Win,1,Malgun Gothic
NameArray:3,Win,1,맑은 고딕
%EndFont

%BeginFont
Handler:DirectoryHandler
FontType:TrueType
FontName:MalgunGothicBold
FamilyName:Malgun Gothic
StyleName:Bold
FullName:Malgun Gothic Bold
MenuName:맑은 고딕
StyleBits:2
FamilyNameNative:맑은 고딕
StyleNameNative:Bold
FullNameNative:맑은 고딕 Bold
WritingScript:Korean
OutlineFileName:C:\Users\USER\Desktop\2022NIPA_디지털_아카이브\Font\malgunbd.ttf
DataFormat:sfntData
hasSVG:no
VariableFontType:NonVariableFont
FileLength:12598360
FileModTime:1575709774
WeightClass:700
WidthClass:5
AngleClass:0
NameArray:0,Mac,4,Malgun Gothic Bold
NameArray:0,Win,1,Malgun Gothic
NameArray:3,Win,1,맑은 고딕
%EndFont

%BeginFont
Handler:DirectoryHandler
FontType:TrueType
FontName:MalgunGothic-Semilight
FamilyName:Malgun Gothic
StyleName:Semilight
FullName:Malgun Gothic Semilight
MenuName:맑은 고딕 Semilight
StyleBits:0
FamilyNameNative:맑은 고딕
StyleNameNative:Semilight
FullNameNative:맑은 고딕 Semilight
WritingScript:Korean
OutlineFileName:C:\Users\USER\Desktop\2022NIPA_디지털_아카이브\Font\malgunsl.ttf
DataFormat:sfntData
hasSVG:no
VariableFontType:NonVariableFont
FileLength:5083156
FileModTime:1575709774
WeightClass:300
WidthClass:5
AngleClass:0
NameArray:0,Mac,4,Malgun Gothic Semilight
NameArray:0,Win,1,Malgun Gothic Semilight
NameArray:0,Win,16,Malgun Gothic
NameArray:3,Win,1,맑은 고딕 Semilight
NameArray:3,Win,16,맑은 고딕
%EndFont

